<?xml version="1.0" encoding="UTF-8"?>
<!-- Generated by org.testng.reporters.JUnitReportReporter -->
<testsuite hostname="LAPTOP-E6VSSKQ9" failures="0" tests="1" name="AmazonTestcases.Testcase2" time="38.800" errors="0" timestamp="2025-01-26T15:07:38 IST" skipped="0">
  <testcase classname="AmazonTestcases.Testcase2" name="testcase2" time="38.800"/>
  <system-out/>
</testsuite> <!-- AmazonTestcases.Testcase2 -->
