<?xml version="1.0" encoding="UTF-8"?>
<!-- Generated by org.testng.reporters.JUnitReportReporter -->
<testsuite hostname="LAPTOP-E6VSSKQ9" failures="0" tests="1" name="AmazonTestcases.Testcase1" time="19.363" errors="0" timestamp="2025-04-24T12:21:16 IST" skipped="0">
  <testcase classname="AmazonTestcases.Testcase1" name="test1" time="19.363"/>
</testsuite> <!-- AmazonTestcases.Testcase1 -->
